<?xml version="1.0" encoding="UTF-8"?>
<!-- Generated by org.testng.reporters.JUnitReportReporter -->
<testsuite hostname="MacBook-Pro.attlocal.net" failures="0" tests="1" name="rahulshettyacademy.IOSSwipeTest" time="7.894" errors="0" timestamp="2022-05-26T11:34:28 EDT" skipped="0">
  <testcase classname="rahulshettyacademy.IOSSwipeTest" name="IOSSwipeTestDemo" time="7.894"/>
  <system-out/>
</testsuite> <!-- rahulshettyacademy.IOSSwipeTest -->
