<?xml version="1.0" encoding="UTF-8"?>
<!-- Generated by org.testng.reporters.JUnitReportReporter -->
<testsuite hostname="MacBook-Pro.attlocal.net" failures="0" tests="1" name="rahulshettyacademy.MisceallanousAppiumActions" time="6.850" errors="0" timestamp="2022-05-21T14:05:49 EDT" skipped="0">
  <testcase classname="rahulshettyacademy.MisceallanousAppiumActions" name="Miscellanous" time="6.850"/>
  <system-out/>
</testsuite> <!-- rahulshettyacademy.MisceallanousAppiumActions -->
