<?xml version="1.0" encoding="UTF-8"?>
<!-- Generated by org.testng.reporters.JUnitReportReporter -->
<testsuite hostname="MacBook-Pro.attlocal.net" failures="0" tests="1" name="rahulshettyacademy.eCommerce_tc_3" time="17.268" errors="0" timestamp="2022-05-23T08:16:27 EDT" skipped="0">
  <testcase classname="rahulshettyacademy.eCommerce_tc_3" name="FillForm" time="17.268"/>
  <system-out/>
</testsuite> <!-- rahulshettyacademy.eCommerce_tc_3 -->
