<?xml version="1.0" encoding="UTF-8"?>
<!-- Generated by org.testng.reporters.JUnitReportReporter -->
<testsuite hostname="MacBook-Pro.attlocal.net" failures="0" tests="1" name="rahulshettyacademy.eCommerce_tc_1" time="16.891" errors="0" timestamp="2022-05-23T08:01:50 EDT" skipped="0">
  <testcase classname="rahulshettyacademy.eCommerce_tc_1" name="FillForm" time="16.891"/>
  <system-out/>
</testsuite> <!-- rahulshettyacademy.eCommerce_tc_1 -->
