<?xml version="1.0" encoding="UTF-8"?>
<!-- Generated by org.testng.reporters.JUnitReportReporter -->
<testsuite hostname="MacBook-Pro.attlocal.net" failures="0" tests="1" name="rahulshettyacademy.IOSBasics" time="4.103" errors="0" timestamp="2022-07-03T11:25:01 EDT" skipped="0">
  <testcase classname="rahulshettyacademy.IOSBasics" name="IOSBasicsTest" time="4.103"/>
  <system-out/>
</testsuite> <!-- rahulshettyacademy.IOSBasics -->
