<?xml version="1.0" encoding="UTF-8"?>
<!-- Generated by org.testng.reporters.JUnitReportReporter -->
<testsuite hostname="MacBook-Pro.attlocal.net" failures="0" tests="1" name="rahulshettyacademy.ScrollDemo" time="28.809" errors="0" timestamp="2022-05-21T08:50:54 EDT" skipped="0">
  <testcase classname="rahulshettyacademy.ScrollDemo" name="ScrollDemoTest" time="28.809"/>
  <system-out/>
</testsuite> <!-- rahulshettyacademy.ScrollDemo -->
