<?xml version="1.0" encoding="UTF-8"?>
<!-- Generated by org.testng.reporters.JUnitReportReporter -->
<testsuite hostname="MacBook-Pro.attlocal.net" failures="0" tests="1" name="rahulshettyacademy.SwipeDemo" time="3.916" errors="0" timestamp="2022-05-21T09:43:43 EDT" skipped="0">
  <testcase classname="rahulshettyacademy.SwipeDemo" name="SwipeDemoTest" time="3.916"/>
  <system-out/>
</testsuite> <!-- rahulshettyacademy.SwipeDemo -->
