<?xml version="1.0" encoding="UTF-8"?>
<!-- Generated by org.testng.reporters.JUnitReportReporter -->
<testsuite hostname="MacBook-Pro.attlocal.net" failures="0" tests="1" name="rahulshettyacademy.DragDropDemo" time="5.633" errors="0" timestamp="2022-05-21T11:32:29 EDT" skipped="0">
  <testcase classname="rahulshettyacademy.DragDropDemo" name="DragDropTest" time="5.633"/>
  <system-out/>
</testsuite> <!-- rahulshettyacademy.DragDropDemo -->
